<?xml version="1.0" encoding="UTF-8"?>
<testng-results skipped="1" failed="0" total="1" passed="0">
  <reporter-output>
  </reporter-output>
  <suite name="Default suite" duration-ms="18100" started-at="2019-12-07T03:04:25Z" finished-at="2019-12-07T03:04:43Z">
    <groups>
    </groups>
    <test name="Default test" duration-ms="18100" started-at="2019-12-07T03:04:25Z" finished-at="2019-12-07T03:04:43Z">
      <class name="org.fine.Sample">
        <test-method status="FAIL" signature="launch()[pri:0, instance:org.fine.Sample@58651fd0]" name="launch" is-config="true" duration-ms="0" started-at="2019-12-07T08:34:25Z" finished-at="2019-12-07T08:34:25Z">
          <exception class="org.openqa.selenium.SessionNotCreatedException">
            <message>
              <![CDATA[session not created
from chrome not reachable
  (Session info: chrome=78.0.3904.108)
Build info: version: '3.141.59', revision: 'e82be7d358', time: '2018-11-14T08:17:03'
System info: host: 'DESKTOP-3VCTBOU', ip: '192.168.43.239', os.name: 'Windows 10', os.arch: 'amd64', os.version: '10.0', java.version: '1.8.0_231'
Driver info: driver.version: ChromeDriver
remote stacktrace: Backtrace:
	Ordinal0 [0x0027EB13+1501971]
	Ordinal0 [0x001FF6D1+980689]
	Ordinal0 [0x00187508+488712]
	Ordinal0 [0x0018131A+463642]
	Ordinal0 [0x001819C8+465352]
	Ordinal0 [0x00182AA5+469669]
	Ordinal0 [0x0017EC85+453765]
	Ordinal0 [0x00188330+492336]
	Ordinal0 [0x0013A108+172296]
	Ordinal0 [0x0013942D+169005]
	Ordinal0 [0x001378EB+162027]
	Ordinal0 [0x00120AC7+68295]
	Ordinal0 [0x00121B40+72512]
	Ordinal0 [0x00121AD9+72409]
	Ordinal0 [0x00218F37+1085239]
	GetHandleVerifier [0x0031D7ED+503293]
	GetHandleVerifier [0x0031D580+502672]
	GetHandleVerifier [0x003246AC+531644]
	GetHandleVerifier [0x0031DFFA+505354]
	Ordinal0 [0x00210606+1050118]
	Ordinal0 [0x0021047F+1049727]
	Ordinal0 [0x0021AF9B+1093531]
	Ordinal0 [0x0021B103+1093891]
	Ordinal0 [0x0021A095+1089685]
	BaseThreadInitThunk [0x75206359+25]
	RtlGetAppContainerNamedObjectPath [0x775F7B74+228]
	RtlGetAppContainerNamedObjectPath [0x775F7B44+180]
]]>
            </message>
            <full-stacktrace>
              <![CDATA[org.openqa.selenium.SessionNotCreatedException: session not created
from chrome not reachable
  (Session info: chrome=78.0.3904.108)
Build info: version: '3.141.59', revision: 'e82be7d358', time: '2018-11-14T08:17:03'
System info: host: 'DESKTOP-3VCTBOU', ip: '192.168.43.239', os.name: 'Windows 10', os.arch: 'amd64', os.version: '10.0', java.version: '1.8.0_231'
Driver info: driver.version: ChromeDriver
remote stacktrace: Backtrace:
	Ordinal0 [0x0027EB13+1501971]
	Ordinal0 [0x001FF6D1+980689]
	Ordinal0 [0x00187508+488712]
	Ordinal0 [0x0018131A+463642]
	Ordinal0 [0x001819C8+465352]
	Ordinal0 [0x00182AA5+469669]
	Ordinal0 [0x0017EC85+453765]
	Ordinal0 [0x00188330+492336]
	Ordinal0 [0x0013A108+172296]
	Ordinal0 [0x0013942D+169005]
	Ordinal0 [0x001378EB+162027]
	Ordinal0 [0x00120AC7+68295]
	Ordinal0 [0x00121B40+72512]
	Ordinal0 [0x00121AD9+72409]
	Ordinal0 [0x00218F37+1085239]
	GetHandleVerifier [0x0031D7ED+503293]
	GetHandleVerifier [0x0031D580+502672]
	GetHandleVerifier [0x003246AC+531644]
	GetHandleVerifier [0x0031DFFA+505354]
	Ordinal0 [0x00210606+1050118]
	Ordinal0 [0x0021047F+1049727]
	Ordinal0 [0x0021AF9B+1093531]
	Ordinal0 [0x0021B103+1093891]
	Ordinal0 [0x0021A095+1089685]
	BaseThreadInitThunk [0x75206359+25]
	RtlGetAppContainerNamedObjectPath [0x775F7B74+228]
	RtlGetAppContainerNamedObjectPath [0x775F7B44+180]

	at sun.reflect.NativeConstructorAccessorImpl.newInstance0(Native Method)
	at sun.reflect.NativeConstructorAccessorImpl.newInstance(Unknown Source)
	at sun.reflect.DelegatingConstructorAccessorImpl.newInstance(Unknown Source)
	at java.lang.reflect.Constructor.newInstance(Unknown Source)
	at org.openqa.selenium.remote.W3CHandshakeResponse.lambda$errorHandler$0(W3CHandshakeResponse.java:62)
	at org.openqa.selenium.remote.HandshakeResponse.lambda$getResponseFunction$0(HandshakeResponse.java:30)
	at org.openqa.selenium.remote.ProtocolHandshake.lambda$createSession$0(ProtocolHandshake.java:126)
	at java.util.stream.ReferencePipeline$3$1.accept(Unknown Source)
	at java.util.Spliterators$ArraySpliterator.tryAdvance(Unknown Source)
	at java.util.stream.ReferencePipeline.forEachWithCancel(Unknown Source)
	at java.util.stream.AbstractPipeline.copyIntoWithCancel(Unknown Source)
	at java.util.stream.AbstractPipeline.copyInto(Unknown Source)
	at java.util.stream.AbstractPipeline.wrapAndCopyInto(Unknown Source)
	at java.util.stream.FindOps$FindOp.evaluateSequential(Unknown Source)
	at java.util.stream.AbstractPipeline.evaluate(Unknown Source)
	at java.util.stream.ReferencePipeline.findFirst(Unknown Source)
	at org.openqa.selenium.remote.ProtocolHandshake.createSession(ProtocolHandshake.java:128)
	at org.openqa.selenium.remote.ProtocolHandshake.createSession(ProtocolHandshake.java:74)
	at org.openqa.selenium.remote.HttpCommandExecutor.execute(HttpCommandExecutor.java:136)
	at org.openqa.selenium.remote.service.DriverCommandExecutor.execute(DriverCommandExecutor.java:83)
	at org.openqa.selenium.remote.RemoteWebDriver.execute(RemoteWebDriver.java:552)
	at org.openqa.selenium.remote.RemoteWebDriver.startSession(RemoteWebDriver.java:213)
	at org.openqa.selenium.remote.RemoteWebDriver.<init>(RemoteWebDriver.java:131)
	at org.openqa.selenium.chrome.ChromeDriver.<init>(ChromeDriver.java:181)
	at org.openqa.selenium.chrome.ChromeDriver.<init>(ChromeDriver.java:168)
	at org.openqa.selenium.chrome.ChromeDriver.<init>(ChromeDriver.java:123)
	at org.fine.Sample.launch(Sample.java:13)
	at sun.reflect.NativeMethodAccessorImpl.invoke0(Native Method)
	at sun.reflect.NativeMethodAccessorImpl.invoke(Unknown Source)
	at sun.reflect.DelegatingMethodAccessorImpl.invoke(Unknown Source)
	at java.lang.reflect.Method.invoke(Unknown Source)
	at org.testng.internal.MethodInvocationHelper.invokeMethod(MethodInvocationHelper.java:85)
	at org.testng.internal.Invoker.invokeConfigurationMethod(Invoker.java:510)
	at org.testng.internal.Invoker.invokeConfigurations(Invoker.java:211)
	at org.testng.internal.Invoker.invokeConfigurations(Invoker.java:138)
	at org.testng.internal.TestMethodWorker.invokeBeforeClassMethods(TestMethodWorker.java:170)
	at org.testng.internal.TestMethodWorker.run(TestMethodWorker.java:104)
	at org.testng.TestRunner.privateRun(TestRunner.java:774)
	at org.testng.TestRunner.run(TestRunner.java:624)
	at org.testng.SuiteRunner.runTest(SuiteRunner.java:359)
	at org.testng.SuiteRunner.runSequentially(SuiteRunner.java:354)
	at org.testng.SuiteRunner.privateRun(SuiteRunner.java:312)
	at org.testng.SuiteRunner.run(SuiteRunner.java:261)
	at org.testng.SuiteRunnerWorker.runSuite(SuiteRunnerWorker.java:52)
	at org.testng.SuiteRunnerWorker.run(SuiteRunnerWorker.java:86)
	at org.testng.TestNG.runSuitesSequentially(TestNG.java:1191)
	at org.testng.TestNG.runSuitesLocally(TestNG.java:1116)
	at org.testng.TestNG.run(TestNG.java:1024)
	at org.testng.remote.AbstractRemoteTestNG.run(AbstractRemoteTestNG.java:132)
	at org.testng.remote.RemoteTestNG.initAndRun(RemoteTestNG.java:230)
	at org.testng.remote.RemoteTestNG.main(RemoteTestNG.java:76)
]]>
            </full-stacktrace>
          </exception> <!-- org.openqa.selenium.SessionNotCreatedException -->
          <reporter-output>
          </reporter-output>
        </test-method> <!-- launch -->
        <test-method status="SKIP" signature="testcase1()[pri:0, instance:org.fine.Sample@58651fd0]" name="testcase1" duration-ms="0" started-at="2019-12-07T08:34:43Z" finished-at="2019-12-07T08:34:43Z">
          <reporter-output>
          </reporter-output>
        </test-method> <!-- testcase1 -->
      </class> <!-- org.fine.Sample -->
    </test> <!-- Default test -->
  </suite> <!-- Default suite -->
</testng-results>
